<?xml version="1.0" encoding="UTF-8"?>
<!-- Generated by org.testng.reporters.JUnitXMLReporter -->
<testsuite hostname="DESKTOP-48KVGPF" ignored="0" name="Command line test" tests="2" failures="0" timestamp="16 May 2019 17:43:25 GMT" time="6.802" errors="0">
  <testcase name="@BeforeMethod launch" time="6.773" classname="com.apidemos.qa.testcases.TestCaseLaunchApp">
    <failure type="java.lang.IllegalArgumentException" message="Can not set io.appium.java_client.android.AndroidElement field com.apidemos.qa.pages.HomePage.preference to com.sun.proxy.$Proxy6">
      <![CDATA[java.lang.IllegalArgumentException: Can not set io.appium.java_client.android.AndroidElement field com.apidemos.qa.pages.HomePage.preference to com.sun.proxy.$Proxy6
at org.openqa.selenium.support.PageFactory.proxyFields(PageFactory.java:117)
at org.openqa.selenium.support.PageFactory.initElements(PageFactory.java:105)
at org.openqa.selenium.support.PageFactory.initElements(PageFactory.java:92)
at org.openqa.selenium.support.PageFactory.initElements(PageFactory.java:79)
at com.apidemos.qa.pages.HomePage.<init>(HomePage.java:13)
at com.apidemos.qa.testcases.TestCaseLaunchApp.launch(TestCaseLaunchApp.java:19)
... Removed 42 stack frames]]>
    </failure>
  </testcase> <!-- @BeforeMethod launch -->
  <testcase name="@BeforeMethod launch" time="0.0" classname="com.apidemos.qa.testcases.TestCaseLaunchApp">
    <skipped/>
  </testcase> <!-- @BeforeMethod launch -->
  <testcase name="clickPreference" time="0.0" classname="com.apidemos.qa.testcases.TestCaseLaunchApp">
    <skipped/>
  </testcase> <!-- clickPreference -->
  <testcase name="helloWorld" time="0.0" classname="com.apidemos.qa.testcases.TestCaseLaunchApp">
    <skipped/>
  </testcase> <!-- helloWorld -->
</testsuite> <!-- Command line test -->
