<?xml version="1.0" encoding="UTF-8" ?>
<testsuite tests="5" failures="1" name="TestSuite" time="35.683" errors="0" skipped="3">
  <properties>
[...]
</properties>
  <testcase classname="com.apidemos.qa.testcases.TestCaseLaunchApp" name="launch" time="7.083">
    <failure message="Can not set io.appium.java_client.android.AndroidElement field com.apidemos.qa.pages.HomePage.preference to com.sun.proxy.$Proxy6" type="java.lang.IllegalArgumentException">java.lang.IllegalArgumentException: Can not set io.appium.java_client.android.AndroidElement field com.apidemos.qa.pages.HomePage.preference to com.sun.proxy.$Proxy6
	at sun.reflect.UnsafeFieldAccessorImpl.throwSetIllegalArgumentException(UnsafeFieldAccessorImpl.java:167)
	at sun.reflect.UnsafeFieldAccessorImpl.throwSetIllegalArgumentException(UnsafeFieldAccessorImpl.java:171)
	at sun.reflect.UnsafeObjectFieldAccessorImpl.set(UnsafeObjectFieldAccessorImpl.java:81)
	at java.lang.reflect.Field.set(Field.java:764)
	at org.openqa.selenium.support.PageFactory.proxyFields(PageFactory.java:117)
	at org.openqa.selenium.support.PageFactory.initElements(PageFactory.java:105)
	at org.openqa.selenium.support.PageFactory.initElements(PageFactory.java:92)
	at org.openqa.selenium.support.PageFactory.initElements(PageFactory.java:79)
	at com.apidemos.qa.pages.HomePage.&lt;init&gt;(HomePage.java:13)
	at com.apidemos.qa.testcases.TestCaseLaunchApp.launch(TestCaseLaunchApp.java:19)
</failure>
    <system-out>Configuring TestNG with: org.apache.maven.surefire.testng.conf.TestNG652Configurator@762efe5d
</system-out>
    <system-err>May 16, 2019 11:13:25 PM org.openqa.selenium.remote.ProtocolHandshake createSession
INFO: Detected dialect: W3C
</system-err>
  </testcase>
  <testcase classname="com.apidemos.qa.testcases.TestCaseLaunchApp" name="clickPreference" time="7.084">
    <skipped/>
  </testcase>
  <testcase classname="com.apidemos.qa.testcases.TestCaseLaunchApp" name="launch" time="7.084">
    <skipped/>
  </testcase>
  <testcase classname="com.apidemos.qa.testcases.TestCaseLaunchApp" name="helloWorld" time="7.084">
    <skipped/>
  </testcase>
  <testcase classname="com.zoopla.qa.MobileAutomation_Learn.AppTest" name="testApp on testApp(com.zoopla.qa.MobileAutomation_Learn.AppTest)" time="7.348"/>
</testsuite>