<?xml version="1.0" encoding="UTF-8"?>
<testng-results skipped="0" failed="0" ignored="0" total="1" passed="1">
  <reporter-output>
  </reporter-output>
  <suite name="Default suite" duration-ms="4523" started-at="2019-05-15T19:36:10Z" finished-at="2019-05-15T19:36:15Z">
    <groups>
    </groups>
    <test name="Default test" duration-ms="4523" started-at="2019-05-15T19:36:10Z" finished-at="2019-05-15T19:36:15Z">
      <class name="com.apidemos.qa.testcases.TestCaseLaunchApp">
        <test-method status="PASS" signature="launch()[pri:0, instance:com.apidemos.qa.testcases.TestCaseLaunchApp@604ed9f0]" name="launch" is-config="true" duration-ms="4500" started-at="2019-05-15T19:36:10Z" finished-at="2019-05-15T19:36:15Z">
          <reporter-output>
          </reporter-output>
        </test-method> <!-- launch -->
        <test-method status="PASS" signature="helloWorld()[pri:0, instance:com.apidemos.qa.testcases.TestCaseLaunchApp@604ed9f0]" name="helloWorld" duration-ms="4" started-at="2019-05-15T19:36:15Z" finished-at="2019-05-15T19:36:15Z">
          <reporter-output>
          </reporter-output>
        </test-method> <!-- helloWorld -->
      </class> <!-- com.apidemos.qa.testcases.TestCaseLaunchApp -->
    </test> <!-- Default test -->
  </suite> <!-- Default suite -->
</testng-results>
